<?xml version="1.0" encoding="UTF-8"?>
<!-- Generated by org.testng.reporters.JUnitXMLReporter -->
<testsuite hostname="DESKTOP-JHFA6I5" name="Test" tests="4" failures="0" timestamp="24 Dec 2019 03:10:39 GMT" time="47.458" errors="0">
  <testcase name="homePageTitleTest" time="0.017" classname="com.grange.qa.testcases.HomePageTest"/>
  <testcase name="grangeLogoImageTest" time="0.038" classname="com.grange.qa.testcases.HomePageTest"/>
  <testcase name="loginTest" time="2.054" classname="com.grange.qa.testcases.LoginPageTest"/>
  <testcase name="LoginPageTitleTest" time="0.643" classname="com.grange.qa.testcases.LoginPageTest"/>
</testsuite> <!-- Test -->
