<?xml version="1.0" encoding="UTF-8"?>
<testng-results skipped="0" failed="0" total="2" passed="2">
  <reporter-output>
    <line>
      <![CDATA[Title of home page is Grange Insurance: Home, Life & Car Insurance Coverage]]>
    </line>
  </reporter-output>
  <suite name="Default suite" duration-ms="22229" started-at="2019-12-24T03:19:53Z" finished-at="2019-12-24T03:20:15Z">
    <groups>
    </groups>
    <test name="Default test" duration-ms="22229" started-at="2019-12-24T03:19:53Z" finished-at="2019-12-24T03:20:15Z">
      <class name="com.grange.qa.testcases.HomePageTest">
        <test-method status="PASS" signature="setUp()[pri:0, instance:com.grange.qa.testcases.HomePageTest@91161c7]" name="setUp" is-config="true" duration-ms="11924" started-at="2019-12-23T22:19:53Z" finished-at="2019-12-23T22:20:05Z">
          <reporter-output>
          </reporter-output>
        </test-method> <!-- setUp -->
        <test-method status="PASS" signature="homePageTitleTest()[pri:0, instance:com.grange.qa.testcases.HomePageTest@91161c7]" name="homePageTitleTest" duration-ms="20" started-at="2019-12-23T22:20:05Z" finished-at="2019-12-23T22:20:05Z">
          <reporter-output>
            <line>
              <![CDATA[Title of home page is Grange Insurance: Home, Life & Car Insurance Coverage]]>
            </line>
          </reporter-output>
        </test-method> <!-- homePageTitleTest -->
        <test-method status="PASS" signature="tearDown()[pri:0, instance:com.grange.qa.testcases.HomePageTest@91161c7]" name="tearDown" is-config="true" duration-ms="675" started-at="2019-12-23T22:20:05Z" finished-at="2019-12-23T22:20:06Z">
          <reporter-output>
          </reporter-output>
        </test-method> <!-- tearDown -->
        <test-method status="PASS" signature="setUp()[pri:0, instance:com.grange.qa.testcases.HomePageTest@91161c7]" name="setUp" is-config="true" duration-ms="8881" started-at="2019-12-23T22:20:06Z" finished-at="2019-12-23T22:20:15Z">
          <reporter-output>
          </reporter-output>
        </test-method> <!-- setUp -->
        <test-method status="PASS" signature="grangeLogoImageTest()[pri:0, instance:com.grange.qa.testcases.HomePageTest@91161c7]" name="grangeLogoImageTest" duration-ms="42" started-at="2019-12-23T22:20:15Z" finished-at="2019-12-23T22:20:15Z">
          <reporter-output>
          </reporter-output>
        </test-method> <!-- grangeLogoImageTest -->
        <test-method status="PASS" signature="tearDown()[pri:0, instance:com.grange.qa.testcases.HomePageTest@91161c7]" name="tearDown" is-config="true" duration-ms="670" started-at="2019-12-23T22:20:15Z" finished-at="2019-12-23T22:20:15Z">
          <reporter-output>
          </reporter-output>
        </test-method> <!-- tearDown -->
      </class> <!-- com.grange.qa.testcases.HomePageTest -->
    </test> <!-- Default test -->
  </suite> <!-- Default suite -->
</testng-results>
